<?xml version="1.0" encoding="UTF-8" ?>
<testsuite tests="13" failures="0" name="se465.MainTest" time="0" errors="0" skipped="0">
  <properties>
    <property name="idea.version" value="2020.3.3"/>
    <property name="java.runtime.name" value="OpenJDK Runtime Environment"/>
    <property name="java.vm.version" value="11.0.10+9"/>
    <property name="sun.boot.library.path" value="/opt/java/jdk-11.0.10+9/lib"/>
    <property name="maven.multiModuleProjectDirectory" value="/home/yurikaendou/Documents/SE465/projec/proj_skeleton"/>
    <property name="java.vm.vendor" value="AdoptOpenJDK"/>
    <property name="java.vendor.url" value="https://adoptopenjdk.net/"/>
    <property name="guice.disable.misplaced.annotation.check" value="true"/>
    <property name="path.separator" value=":"/>
    <property name="java.vm.name" value="OpenJDK 64-Bit Server VM"/>
    <property name="sun.os.patch.level" value="unknown"/>
    <property name="user.country" value="CA"/>
    <property name="sun.java.launcher" value="SUN_STANDARD"/>
    <property name="java.vm.specification.name" value="Java Virtual Machine Specification"/>
    <property name="user.dir" value="/home/yurikaendou/Documents/SE465/projec/proj_skeleton"/>
    <property name="java.vm.compressedOopsMode" value="Zero based"/>
    <property name="java.runtime.version" value="11.0.10+9"/>
    <property name="java.awt.graphicsenv" value="sun.awt.X11GraphicsEnvironment"/>
    <property name="os.arch" value="amd64"/>
    <property name="java.io.tmpdir" value="/tmp"/>
    <property name="line.separator" value="
"/>
    <property name="java.vm.specification.vendor" value="Oracle Corporation"/>
    <property name="os.name" value="Linux"/>
    <property name="maven.ext.class.path" value="/opt/idea-IU-203.7717.56/plugins/maven/lib/maven-event-listener.jar"/>
    <property name="classworlds.conf" value="/opt/idea-IU-203.7717.56/plugins/maven/lib/maven3/bin/m2.conf"/>
    <property name="sun.jnu.encoding" value="UTF-8"/>
    <property name="java.library.path" value="/usr/java/packages/lib:/usr/lib64:/lib64:/lib:/usr/lib"/>
    <property name="maven.conf" value="/opt/idea-IU-203.7717.56/plugins/maven/lib/maven3/conf"/>
    <property name="jdk.debug" value="release"/>
    <property name="java.class.version" value="55.0"/>
    <property name="java.specification.name" value="Java Platform API Specification"/>
    <property name="sun.management.compiler" value="HotSpot 64-Bit Tiered Compilers"/>
    <property name="os.version" value="5.4.0-72-generic"/>
    <property name="user.home" value="/home/yurikaendou"/>
    <property name="user.timezone" value="America/Toronto"/>
    <property name="java.awt.printerjob" value="sun.print.PSPrinterJob"/>
    <property name="file.encoding" value="UTF-8"/>
    <property name="java.specification.version" value="11"/>
    <property name="user.name" value="yurikaendou"/>
    <property name="java.class.path" value="/opt/idea-IU-203.7717.56/plugins/maven/lib/maven3/boot/plexus-classworlds.license:/opt/idea-IU-203.7717.56/plugins/maven/lib/maven3/boot/plexus-classworlds-2.6.0.jar"/>
    <property name="java.vm.specification.version" value="11"/>
    <property name="sun.arch.data.model" value="64"/>
    <property name="sun.java.command" value="org.codehaus.classworlds.Launcher -Didea.version=2020.3.3 test"/>
    <property name="java.home" value="/opt/java/jdk-11.0.10+9"/>
    <property name="user.language" value="en"/>
    <property name="java.specification.vendor" value="Oracle Corporation"/>
    <property name="awt.toolkit" value="sun.awt.X11.XToolkit"/>
    <property name="java.vm.info" value="mixed mode"/>
    <property name="java.version" value="11.0.10"/>
    <property name="securerandom.source" value="file:/dev/./urandom"/>
    <property name="java.vendor" value="AdoptOpenJDK"/>
    <property name="maven.home" value="/opt/idea-IU-203.7717.56/plugins/maven/lib/maven3"/>
    <property name="file.separator" value="/"/>
    <property name="java.version.date" value="2021-01-19"/>
    <property name="java.vendor.url.bug" value="https://github.com/AdoptOpenJDK/openjdk-support/issues"/>
    <property name="sun.io.unicode.encoding" value="UnicodeLittle"/>
    <property name="sun.cpu.endian" value="little"/>
    <property name="java.vendor.version" value="AdoptOpenJDK"/>
    <property name="sun.desktop" value="gnome"/>
    <property name="sun.cpu.isalist" value=""/>
  </properties>
  <testcase classname="se465.MainTest" name="testCommandParserMissingFlag" time="0"/>
  <testcase classname="se465.MainTest" name="testMain" time="0"/>
  <testcase classname="se465.MainTest" name="testCommandParserDirectoryOutput" time="0"/>
  <testcase classname="se465.MainTest" name="testCommandParserInvalidInput" time="0"/>
  <testcase classname="se465.MainTest" name="testCommandParserWrongSupportValue" time="0"/>
  <testcase classname="se465.MainTest" name="testCommandParserTrue" time="0"/>
  <testcase classname="se465.MainTest" name="testCommandParserWrongConfidenceValue" time="0"/>
  <testcase classname="se465.MainTest" name="testCommandParserNonExistingCallgraph" time="0"/>
  <testcase classname="se465.MainTest" name="testCommandParserNonPositiveSupportValue" time="0"/>
  <testcase classname="se465.MainTest" name="testCommandParserDuplicateFlag" time="0"/>
  <testcase classname="se465.MainTest" name="testCommandParserInvalidConfidenceValue" time="0"/>
  <testcase classname="se465.MainTest" name="testCommandParserErrorFlag" time="0"/>
  <testcase classname="se465.MainTest" name="testCommandParserNonWritable" time="0"/>
</testsuite>